Determining if the pthread_create exist failed with the following output:
Change Dir: /home/zhukovp0101/Загрузки/Game.2/CMakeFiles/CMakeTmp

Run Build Command:"/usr/bin/make" "cmTC_8fb79/fast"
/usr/bin/make -f CMakeFiles/cmTC_8fb79.dir/build.make CMakeFiles/cmTC_8fb79.dir/build
make[1]: вход в каталог «/home/zhukovp0101/Загрузки/Game.2/CMakeFiles/CMakeTmp»
Building C object CMakeFiles/cmTC_8fb79.dir/CheckSymbolExists.c.o
/usr/bin/cc    -o CMakeFiles/cmTC_8fb79.dir/CheckSymbolExists.c.o   -c /home/zhukovp0101/Загрузки/Game.2/CMakeFiles/CMakeTmp/CheckSymbolExists.c
Linking C executable cmTC_8fb79
/home/zhukovp0101/.local/share/JetBrains/Toolbox/apps/CLion/ch-0/191.6183.77/bin/cmake/linux/bin/cmake -E cmake_link_script CMakeFiles/cmTC_8fb79.dir/link.txt --verbose=1
/usr/bin/cc      -rdynamic CMakeFiles/cmTC_8fb79.dir/CheckSymbolExists.c.o  -o cmTC_8fb79 
CMakeFiles/cmTC_8fb79.dir/CheckSymbolExists.c.o: In function `main':
CheckSymbolExists.c:(.text+0x1b): undefined reference to `pthread_create'
collect2: error: ld returned 1 exit status
CMakeFiles/cmTC_8fb79.dir/build.make:86: recipe for target 'cmTC_8fb79' failed
make[1]: *** [cmTC_8fb79] Error 1
make[1]: выход из каталога «/home/zhukovp0101/Загрузки/Game.2/CMakeFiles/CMakeTmp»
Makefile:121: recipe for target 'cmTC_8fb79/fast' failed
make: *** [cmTC_8fb79/fast] Error 2

File /home/zhukovp0101/Загрузки/Game.2/CMakeFiles/CMakeTmp/CheckSymbolExists.c:
/* */
#include <pthread.h>

int main(int argc, char** argv)
{
  (void)argv;
#ifndef pthread_create
  return ((int*)(&pthread_create))[argc];
#else
  (void)argc;
  return 0;
#endif
}

Determining if the function pthread_create exists in the pthreads failed with the following output:
Change Dir: /home/zhukovp0101/Загрузки/Game.2/CMakeFiles/CMakeTmp

Run Build Command:"/usr/bin/make" "cmTC_d758f/fast"
/usr/bin/make -f CMakeFiles/cmTC_d758f.dir/build.make CMakeFiles/cmTC_d758f.dir/build
make[1]: вход в каталог «/home/zhukovp0101/Загрузки/Game.2/CMakeFiles/CMakeTmp»
Building C object CMakeFiles/cmTC_d758f.dir/CheckFunctionExists.c.o
/usr/bin/cc   -DCHECK_FUNCTION_EXISTS=pthread_create   -o CMakeFiles/cmTC_d758f.dir/CheckFunctionExists.c.o   -c /home/zhukovp0101/.local/share/JetBrains/Toolbox/apps/CLion/ch-0/191.6183.77/bin/cmake/linux/share/cmake-3.13/Modules/CheckFunctionExists.c
Linking C executable cmTC_d758f
/home/zhukovp0101/.local/share/JetBrains/Toolbox/apps/CLion/ch-0/191.6183.77/bin/cmake/linux/bin/cmake -E cmake_link_script CMakeFiles/cmTC_d758f.dir/link.txt --verbose=1
/usr/bin/cc  -DCHECK_FUNCTION_EXISTS=pthread_create    -rdynamic CMakeFiles/cmTC_d758f.dir/CheckFunctionExists.c.o  -o cmTC_d758f -lpthreads 
/usr/bin/ld: cannot find -lpthreads
collect2: error: ld returned 1 exit status
CMakeFiles/cmTC_d758f.dir/build.make:86: recipe for target 'cmTC_d758f' failed
make[1]: *** [cmTC_d758f] Error 1
make[1]: выход из каталога «/home/zhukovp0101/Загрузки/Game.2/CMakeFiles/CMakeTmp»
Makefile:121: recipe for target 'cmTC_d758f/fast' failed
make: *** [cmTC_d758f/fast] Error 2


Determining if the pthread_create exist failed with the following output:
Change Dir: /mnt/d/zhuko/MyDocs/TP/creational_patterns/CMakeFiles/CMakeTmp

Run Build Command:"/usr/bin/make" "cmTC_1bd6b/fast"
/usr/bin/make -f CMakeFiles/cmTC_1bd6b.dir/build.make CMakeFiles/cmTC_1bd6b.dir/build
make[1]: Entering directory '/mnt/d/zhuko/MyDocs/TP/creational_patterns/CMakeFiles/CMakeTmp'
Building C object CMakeFiles/cmTC_1bd6b.dir/CheckSymbolExists.c.o
/usr/bin/cc    -o CMakeFiles/cmTC_1bd6b.dir/CheckSymbolExists.c.o   -c /mnt/d/zhuko/MyDocs/TP/creational_patterns/CMakeFiles/CMakeTmp/CheckSymbolExists.c
Linking C executable cmTC_1bd6b
/usr/bin/cmake -E cmake_link_script CMakeFiles/cmTC_1bd6b.dir/link.txt --verbose=1
/usr/bin/cc      -rdynamic CMakeFiles/cmTC_1bd6b.dir/CheckSymbolExists.c.o  -o cmTC_1bd6b 
CMakeFiles/cmTC_1bd6b.dir/CheckSymbolExists.c.o: In function `main':
CheckSymbolExists.c:(.text+0x1b): undefined reference to `pthread_create'
collect2: error: ld returned 1 exit status
CMakeFiles/cmTC_1bd6b.dir/build.make:97: recipe for target 'cmTC_1bd6b' failed
make[1]: *** [cmTC_1bd6b] Error 1
make[1]: Leaving directory '/mnt/d/zhuko/MyDocs/TP/creational_patterns/CMakeFiles/CMakeTmp'
Makefile:126: recipe for target 'cmTC_1bd6b/fast' failed
make: *** [cmTC_1bd6b/fast] Error 2

File /mnt/d/zhuko/MyDocs/TP/creational_patterns/CMakeFiles/CMakeTmp/CheckSymbolExists.c:
/* */
#include <pthread.h>

int main(int argc, char** argv)
{
  (void)argv;
#ifndef pthread_create
  return ((int*)(&pthread_create))[argc];
#else
  (void)argc;
  return 0;
#endif
}

Determining if the function pthread_create exists in the pthreads failed with the following output:
Change Dir: /mnt/d/zhuko/MyDocs/TP/creational_patterns/CMakeFiles/CMakeTmp

Run Build Command:"/usr/bin/make" "cmTC_813ee/fast"
/usr/bin/make -f CMakeFiles/cmTC_813ee.dir/build.make CMakeFiles/cmTC_813ee.dir/build
make[1]: Entering directory '/mnt/d/zhuko/MyDocs/TP/creational_patterns/CMakeFiles/CMakeTmp'
Building C object CMakeFiles/cmTC_813ee.dir/CheckFunctionExists.c.o
/usr/bin/cc   -DCHECK_FUNCTION_EXISTS=pthread_create   -o CMakeFiles/cmTC_813ee.dir/CheckFunctionExists.c.o   -c /usr/share/cmake-3.10/Modules/CheckFunctionExists.c
Linking C executable cmTC_813ee
/usr/bin/cmake -E cmake_link_script CMakeFiles/cmTC_813ee.dir/link.txt --verbose=1
/usr/bin/cc  -DCHECK_FUNCTION_EXISTS=pthread_create    -rdynamic CMakeFiles/cmTC_813ee.dir/CheckFunctionExists.c.o  -o cmTC_813ee -lpthreads 
/usr/bin/ld: cannot find -lpthreads
collect2: error: ld returned 1 exit status
CMakeFiles/cmTC_813ee.dir/build.make:97: recipe for target 'cmTC_813ee' failed
make[1]: *** [cmTC_813ee] Error 1
make[1]: Leaving directory '/mnt/d/zhuko/MyDocs/TP/creational_patterns/CMakeFiles/CMakeTmp'
Makefile:126: recipe for target 'cmTC_813ee/fast' failed
make: *** [cmTC_813ee/fast] Error 2


Determining if the pthread_create exist failed with the following output:
Change Dir: /mnt/d/zhuko/MyDocs/TP/structural_patterns/CMakeFiles/CMakeTmp

Run Build Command:"/usr/bin/make" "cmTC_db118/fast"
/usr/bin/make -f CMakeFiles/cmTC_db118.dir/build.make CMakeFiles/cmTC_db118.dir/build
make[1]: Entering directory '/mnt/d/zhuko/MyDocs/TP/structural_patterns/CMakeFiles/CMakeTmp'
Building C object CMakeFiles/cmTC_db118.dir/CheckSymbolExists.c.o
/usr/bin/cc    -o CMakeFiles/cmTC_db118.dir/CheckSymbolExists.c.o   -c /mnt/d/zhuko/MyDocs/TP/structural_patterns/CMakeFiles/CMakeTmp/CheckSymbolExists.c
Linking C executable cmTC_db118
/usr/bin/cmake -E cmake_link_script CMakeFiles/cmTC_db118.dir/link.txt --verbose=1
/usr/bin/cc      -rdynamic CMakeFiles/cmTC_db118.dir/CheckSymbolExists.c.o  -o cmTC_db118 
CMakeFiles/cmTC_db118.dir/CheckSymbolExists.c.o: In function `main':
CheckSymbolExists.c:(.text+0x1b): undefined reference to `pthread_create'
collect2: error: ld returned 1 exit status
CMakeFiles/cmTC_db118.dir/build.make:97: recipe for target 'cmTC_db118' failed
make[1]: *** [cmTC_db118] Error 1
make[1]: Leaving directory '/mnt/d/zhuko/MyDocs/TP/structural_patterns/CMakeFiles/CMakeTmp'
Makefile:126: recipe for target 'cmTC_db118/fast' failed
make: *** [cmTC_db118/fast] Error 2

File /mnt/d/zhuko/MyDocs/TP/structural_patterns/CMakeFiles/CMakeTmp/CheckSymbolExists.c:
/* */
#include <pthread.h>

int main(int argc, char** argv)
{
  (void)argv;
#ifndef pthread_create
  return ((int*)(&pthread_create))[argc];
#else
  (void)argc;
  return 0;
#endif
}

Determining if the function pthread_create exists in the pthreads failed with the following output:
Change Dir: /mnt/d/zhuko/MyDocs/TP/structural_patterns/CMakeFiles/CMakeTmp

Run Build Command:"/usr/bin/make" "cmTC_d7736/fast"
/usr/bin/make -f CMakeFiles/cmTC_d7736.dir/build.make CMakeFiles/cmTC_d7736.dir/build
make[1]: Entering directory '/mnt/d/zhuko/MyDocs/TP/structural_patterns/CMakeFiles/CMakeTmp'
Building C object CMakeFiles/cmTC_d7736.dir/CheckFunctionExists.c.o
/usr/bin/cc   -DCHECK_FUNCTION_EXISTS=pthread_create   -o CMakeFiles/cmTC_d7736.dir/CheckFunctionExists.c.o   -c /usr/share/cmake-3.10/Modules/CheckFunctionExists.c
Linking C executable cmTC_d7736
/usr/bin/cmake -E cmake_link_script CMakeFiles/cmTC_d7736.dir/link.txt --verbose=1
/usr/bin/cc  -DCHECK_FUNCTION_EXISTS=pthread_create    -rdynamic CMakeFiles/cmTC_d7736.dir/CheckFunctionExists.c.o  -o cmTC_d7736 -lpthreads 
/usr/bin/ld: cannot find -lpthreads
collect2: error: ld returned 1 exit status
CMakeFiles/cmTC_d7736.dir/build.make:97: recipe for target 'cmTC_d7736' failed
make[1]: *** [cmTC_d7736] Error 1
make[1]: Leaving directory '/mnt/d/zhuko/MyDocs/TP/structural_patterns/CMakeFiles/CMakeTmp'
Makefile:126: recipe for target 'cmTC_d7736/fast' failed
make: *** [cmTC_d7736/fast] Error 2


